0 info it worked if it ends with ok
1 verbose cli [ 'C:\\Program Files\\nodejs\\node.exe',
1 verbose cli   'C:\\Program Files\\nodejs\\node_modules\\npm\\bin\\npm-cli.js',
1 verbose cli   'start' ]
2 info using npm@3.10.10
3 info using node@v6.10.2
4 verbose run-script [ 'prestart', 'start', 'poststart' ]
5 info lifecycle web-speech-ai@1.0.0~prestart: web-speech-ai@1.0.0
6 silly lifecycle web-speech-ai@1.0.0~prestart: no script for prestart, continuing
7 info lifecycle web-speech-ai@1.0.0~start: web-speech-ai@1.0.0
8 verbose lifecycle web-speech-ai@1.0.0~start: unsafe-perm in lifecycle true
9 verbose lifecycle web-speech-ai@1.0.0~start: PATH: C:\Program Files\nodejs\node_modules\npm\bin\node-gyp-bin;D:\AI\web-speech-ai\node_modules\.bin;C:\Program Files (x86)\Common Files\Oracle\Java\javapath;C:\ProgramData\Oracle\Java\javapath;C:\oraclexe\app\oracle\product\11.2.0\server\bin;C:\Windows\SYSTEM32;C:\Windows;C:\Windows\SYSTEM32\WBEM;C:\Windows\SYSTEM32\WINDOWSPOWERSHELL\V1.0\;C:\Program Files\Intel\WiFi\bin\;C:\Program Files\Common Files\Intel\WirelessCommon\;C:\Program Files\TortoiseSVN\bin;D:\DevZone\gradle-1.3\bin;C:\Program Files (x86)\Common Files\lenovo\easyplussdk\bin;C:\Program Files\Java\jdk1.8.0_144\bin;C:\Program Files (x86)\sbt\\bin;C:\Program Files\nodejs\;C:\Windows\System32\WindowsPowerShell\v1.0\;C:\Windows\System32\WindowsPowerShell\v1.0\;C:\Program Files\ibm\gsk8\lib64;C:\Program Files (x86)\ibm\gsk8\lib;C:\PROGRA~1\IBM\SQLLIB\BIN;C:\PROGRA~1\IBM\SQLLIB\FUNCTION;C:\PROGRA~1\IBM\SQLLIB\SAMPLES\REPL;C:\Program Files (x86)\Scripts\;C:\Program Files (x86)\;C:\Program Files\Java\jdk1.8.0_144\bin;C:\Program Files\Intel\WiFi\bin\;C:\Program Files\Common Files\Intel\WirelessCommon\;D:\DevZone\gradle-1.3\bin;C:\Program Files\Apache Software Foundation\apache-maven-3.5.0\bin;C:\Users\ikuma4\AppData\Roaming\npm;C:\Users\ikuma4\AppData\Local\atom\bin
10 verbose lifecycle web-speech-ai@1.0.0~start: CWD: D:\AI\web-speech-ai
11 silly lifecycle web-speech-ai@1.0.0~start: Args: [ '/d /s /c', 'nf start' ]
12 silly lifecycle web-speech-ai@1.0.0~start: Returned: code: 1  signal: null
13 info lifecycle web-speech-ai@1.0.0~start: Failed to exec start script
14 verbose stack Error: web-speech-ai@1.0.0 start: `nf start`
14 verbose stack Exit status 1
14 verbose stack     at EventEmitter.<anonymous> (C:\Program Files\nodejs\node_modules\npm\lib\utils\lifecycle.js:255:16)
14 verbose stack     at emitTwo (events.js:106:13)
14 verbose stack     at EventEmitter.emit (events.js:191:7)
14 verbose stack     at ChildProcess.<anonymous> (C:\Program Files\nodejs\node_modules\npm\lib\utils\spawn.js:40:14)
14 verbose stack     at emitTwo (events.js:106:13)
14 verbose stack     at ChildProcess.emit (events.js:191:7)
14 verbose stack     at maybeClose (internal/child_process.js:886:16)
14 verbose stack     at Process.ChildProcess._handle.onexit (internal/child_process.js:226:5)
15 verbose pkgid web-speech-ai@1.0.0
16 verbose cwd D:\AI\web-speech-ai
17 error Windows_NT 6.1.7601
18 error argv "C:\\Program Files\\nodejs\\node.exe" "C:\\Program Files\\nodejs\\node_modules\\npm\\bin\\npm-cli.js" "start"
19 error node v6.10.2
20 error npm  v3.10.10
21 error code ELIFECYCLE
22 error web-speech-ai@1.0.0 start: `nf start`
22 error Exit status 1
23 error Failed at the web-speech-ai@1.0.0 start script 'nf start'.
23 error Make sure you have the latest version of node.js and npm installed.
23 error If you do, this is most likely a problem with the web-speech-ai package,
23 error not with npm itself.
23 error Tell the author that this fails on your system:
23 error     nf start
23 error You can get information on how to open an issue for this project with:
23 error     npm bugs web-speech-ai
23 error Or if that isn't available, you can get their info via:
23 error     npm owner ls web-speech-ai
23 error There is likely additional logging output above.
24 verbose exit [ 1, true ]
